[2025-04-09T14:16:15.105] [DEBUG] debug-file - env: nodejsVersion=v18.20.1
[2025-04-09T14:16:15.497] [DEBUG] debug-file - Hvigor init with startParameters:{
  hvigorfileTypeCheck: false,
  parallelExecution: true,
  incrementalExecution: true,
  printStackTrace: false,
  daemon: false,
  analyze: 0,
  logLevel: Level { level: 20000, levelStr: 'INFO', colour: 'green' }
}
[2025-04-09T14:16:15.509] [DEBUG] debug-file - hvigorfile, resolving D:\Desktop\HarmonyOS_self-study\Part2-Demo\hvigorfile.ts
[2025-04-09T14:16:16.739] [DEBUG] debug-file - hvigorfile, require result:  { default: { system: [Function: appTasks], plugins: [] } }
[2025-04-09T14:16:16.888] [DEBUG] debug-file - Start initialize project's product build option map with build mode debug.
[2025-04-09T14:16:16.897] [DEBUG] debug-file - Local scan or download HarmonyOS sdk components toolchains,ets,js,native,previewer
[2025-04-09T14:16:16.899] [DEBUG] debug-file - Local scan or download hmscore sdk components toolchains,ets,native
[2025-04-09T14:16:16.892] [DEBUG] debug-file - Product 'default' using build option: {
  "debuggable": true
} in this build.
[2025-04-09T14:16:16.905] [DEBUG] debug-file - Start recording SDK configuration permission data.
[2025-04-09T14:16:16.928] [DEBUG] debug-file - Sdk init in 34 ms 
[2025-04-09T14:16:16.949] [DEBUG] debug-file - Project task initialization takes 20 ms 
[2025-04-09T14:16:16.955] [DEBUG] debug-file - hvigorfile, resolving D:\Desktop\HarmonyOS_self-study\Part2-Demo\entry\hvigorfile.ts
[2025-04-09T14:16:16.972] [DEBUG] debug-file - Start initialize module-target build option map, moduleName=entry, buildMode=debug
[2025-04-09T14:16:16.979] [DEBUG] debug-file - Module entry task initialization takes 4 ms 
[2025-04-09T14:16:16.982] [DEBUG] debug-file - project has submodules:entry
[2025-04-09T14:16:17.002] [DEBUG] debug-file - Configuration task cost before running: 1 s 517 ms 
[2025-04-09T14:16:17.004] [DEBUG] debug-file - Executing task :entry:clean
[2025-04-09T14:16:17.007] [DEBUG] debug-file - entry : clean cost memory 0.242431640625
[2025-04-09T14:16:17.024] [DEBUG] debug-file - Module 'entry' target 'default' using build option: {
  "debuggable": true,
  "copyFrom": "default",
  "name": "debug"
} in this build.
[2025-04-09T14:16:15.107] [DEBUG] debug-file - env: hvigor-config.json5 content = {
  modelVersion: '5.0.4',
  dependencies: {},
  execution: {},
  logging: {},
  debugging: {},
  nodeOptions: {}
}
[2025-04-09T14:16:17.037] [DEBUG] debug-file - Create  resident worker with id: 0.
[2025-04-09T14:16:15.498] [DEBUG] debug-file - Since current hvigor version 5.16.2 differs from last hvigor version 
      undefined, delete file-cache.json and task-cache.json.
[2025-04-09T14:16:16.740] [DEBUG] debug-file - hvigorfile, binding system plugins [Function: appTasks]
[2025-04-09T14:16:16.888] [DEBUG] debug-file - Picking option from product 'default' with build mode 'debug'.
[2025-04-09T14:16:16.894] [DEBUG] debug-file - No signingConfig found, initRemoteHspCache failed.
[2025-04-09T14:16:16.949] [DEBUG] debug-file - hvigorfile, binding custom plugins []
[2025-04-09T14:16:16.959] [DEBUG] debug-file - hvigorfile, require result:  { default: { system: [Function: hapTasks], plugins: [] } }
[2025-04-09T14:16:16.972] [DEBUG] debug-file - Target 'default' config: {}
[2025-04-09T14:16:16.979] [DEBUG] debug-file - hvigorfile, binding custom plugins []
[2025-04-09T14:16:16.983] [DEBUG] debug-file - start to load updatedOhPackageInfo to the disk
[2025-04-09T14:16:17.004] [DEBUG] debug-file - clean: Worker pool is inactive.
[2025-04-09T14:16:17.007] [DEBUG] debug-file - runTaskFromQueue task cost before running: 1 s 522 ms 
[2025-04-09T14:16:17.026] [DEBUG] debug-file - Module 'entry' target 'ohosTest' using build option: {
  "debuggable": true,
  "name": "default"
} in this build.
[2025-04-09T14:16:15.109] [DEBUG] debug-file - env: daemon=false
[2025-04-09T14:16:17.040] [DEBUG] debug-file - Create  resident worker with id: 1.
[2025-04-09T14:16:15.498] [DEBUG] debug-file - Cache service initialization finished in 1 ms 
[2025-04-09T14:16:16.888] [DEBUG] debug-file - Product 'default' build option: {}
[2025-04-09T14:16:16.949] [DEBUG] debug-file - hvigorfile, no custom plugins were found in D:\Desktop\HarmonyOS_self-study\Part2-Demo\hvigorfile.ts
[2025-04-09T14:16:16.959] [DEBUG] debug-file - hvigorfile, binding system plugins [Function: hapTasks]
[2025-04-09T14:16:16.972] [DEBUG] debug-file - Target 'ohosTest' config: {}
[2025-04-09T14:16:16.979] [DEBUG] debug-file - hvigorfile, no custom plugins were found in D:\Desktop\HarmonyOS_self-study\Part2-Demo\entry\hvigorfile.ts
[2025-04-09T14:16:16.988] [DEBUG] debug-file - load to the disk finished
[2025-04-09T14:16:17.008] [INFO] debug-file - Finished :entry:clean... after 3 ms 
[2025-04-09T14:16:17.033] [DEBUG] debug-file - Since there is no instance or instance is terminated, create a new worker pool.
[2025-04-09T14:16:15.109] [DEBUG] debug-file - no-daemon, use the parent process.execArgv --max-old-space-size=8192,--expose-gc
[2025-04-09T14:16:17.042] [DEBUG] debug-file - Current worker pool is stopped or closed.
[2025-04-09T14:16:16.888] [DEBUG] debug-file - End initialize project's product build option map with build mode 'debug'.
[2025-04-09T14:16:16.949] [DEBUG] debug-file - hvigorfile, resolve finished D:\Desktop\HarmonyOS_self-study\Part2-Demo\hvigorfile.ts
[2025-04-09T14:16:16.972] [DEBUG] debug-file - Module 'entry' target 'default' build option: {
  "debuggable": true,
  "copyFrom": "default",
  "name": "debug"
}
[2025-04-09T14:16:16.979] [DEBUG] debug-file - hvigorfile, resolve finished D:\Desktop\HarmonyOS_self-study\Part2-Demo\entry\hvigorfile.ts
[2025-04-09T14:16:16.988] [DEBUG] debug-file - Start to initialize dependency information.
[2025-04-09T14:16:17.008] [DEBUG] debug-file - Executing task ::clean
[2025-04-09T14:16:17.033] [DEBUG] debug-file - Worker pool is initialized with config:  {
  minPoolNum: 2,
  maxPoolNum: undefined,
  maxCoreSize: undefined,
  cacheCapacity: undefined,
  cacheTtl: undefined
}
[2025-04-09T14:16:17.042] [DEBUG] debug-file - Clear worker 0.
[2025-04-09T14:16:16.972] [DEBUG] debug-file - Module 'entry' target 'ohosTest' build option: {
  "debuggable": true,
  "name": "default"
}
[2025-04-09T14:16:16.993] [DEBUG] debug-file - Module Part2-Demo Collected Dependency: 
[2025-04-09T14:16:17.008] [DEBUG] debug-file - clean: Worker pool is inactive.
[2025-04-09T14:16:17.042] [DEBUG] debug-file - Worker 0 has been cleared.
[2025-04-09T14:16:16.972] [DEBUG] debug-file - End initialize module-target build option map, moduleName=entry
[2025-04-09T14:16:16.994] [DEBUG] debug-file - Module Part2-Demo's total dependency: 0
[2025-04-09T14:16:17.008] [DEBUG] debug-file - Part2-Demo : clean cost memory 0.0310821533203125
[2025-04-09T14:16:17.042] [DEBUG] debug-file - Current idle worker size: 1.
[2025-04-09T14:16:16.972] [DEBUG] debug-file - Module 'entry' target 'default' using build option: {
  "debuggable": true,
  "copyFrom": "default",
  "name": "debug"
} in this build.
[2025-04-09T14:16:16.995] [DEBUG] debug-file - Start to initialize dependency information.
[2025-04-09T14:16:17.008] [DEBUG] debug-file - runTaskFromQueue task cost before running: 1 s 523 ms 
[2025-04-09T14:16:17.042] [DEBUG] debug-file - Current busy worker size: 0.
[2025-04-09T14:16:16.996] [DEBUG] debug-file - Module entry Collected Dependency: 
[2025-04-09T14:16:17.008] [INFO] debug-file - Finished ::clean... after 1 ms 
[2025-04-09T14:16:17.042] [DEBUG] debug-file - Clear worker 1.
[2025-04-09T14:16:16.996] [DEBUG] debug-file - Module entry's total dependency: 0
[2025-04-09T14:16:17.008] [DEBUG] debug-file - Executing task :entry:init
[2025-04-09T14:16:17.042] [DEBUG] debug-file - Worker 1 has been cleared.
[2025-04-09T14:16:16.999] [DEBUG] debug-file - Configuration phase cost:1 s 497 ms 
[2025-04-09T14:16:17.009] [DEBUG] debug-file - entry : init cost memory 0.01021575927734375
[2025-04-09T14:16:17.042] [DEBUG] debug-file - Current idle worker size: 0.
[2025-04-09T14:16:17.009] [DEBUG] debug-file - runTaskFromQueue task cost before running: 1 s 524 ms 
[2025-04-09T14:16:17.042] [DEBUG] debug-file - Current busy worker size: 0.
[2025-04-09T14:16:17.009] [INFO] debug-file - Finished :entry:init... after 1 ms 
[2025-04-09T14:16:17.043] [DEBUG] debug-file - hvigor build process will be closed.
[2025-04-09T14:16:17.009] [DEBUG] debug-file - Executing task ::init
[2025-04-09T14:16:17.046] [DEBUG] debug-file - worker[0] exits with exit code 0.
[2025-04-09T14:16:17.009] [DEBUG] debug-file - Part2-Demo : init cost memory 0.0090179443359375
[2025-04-09T14:16:17.049] [DEBUG] debug-file - worker[1] exits with exit code 0.
[2025-04-09T14:16:17.009] [DEBUG] debug-file - runTaskFromQueue task cost before running: 1 s 524 ms 
[2025-04-09T14:16:17.053] [DEBUG] debug-file - Current worker pool is terminated.
[2025-04-09T14:16:17.009] [INFO] debug-file - Finished ::init... after 1 ms 
[2025-04-09T14:17:48.378] [DEBUG] debug-file - env: daemon=true
[2025-04-09T14:17:48.311] [DEBUG] debug-file - env: nodejsVersion=v18.20.1
[2025-04-09T14:17:48.313] [DEBUG] debug-file - env: hvigor-config.json5 content = {
  modelVersion: '5.0.4',
  dependencies: {},
  execution: {},
  logging: {},
  debugging: {},
  nodeOptions: {}
}
[2025-04-09T14:17:48.916] [DEBUG] debug-file - java daemon tryConnect failed Error: connect ECONNREFUSED 127.0.0.1:45050
[2025-04-09T14:17:48.920] [DEBUG] debug-file - java daemon started at port 45050 pid 8992
[2025-04-09T14:17:48.943] [DEBUG] debug-file - session manager: set active socket. socketId=SCFF_ONqj1yfsj85AAAB
[2025-04-09T14:17:49.542] [DEBUG] debug-file - watch worker: worker id should be larger than 0. Nothing will be sent to any worker thread.
[2025-04-09T14:17:49.555] [DEBUG] debug-file - Hvigor init with startParameters:{
  hvigorfileTypeCheck: false,
  parallelExecution: true,
  incrementalExecution: true,
  printStackTrace: false,
  daemon: true,
  analyze: 0,
  logLevel: Level { level: 20000, levelStr: 'INFO', colour: 'green' }
}
[2025-04-09T14:17:49.556] [DEBUG] debug-file - Cache service initialization finished in 2 ms 
[2025-04-09T14:17:49.570] [DEBUG] debug-file - hvigorfile, resolving D:\Desktop\HarmonyOS_self-study\Part2-Demo\hvigorfile.ts
[2025-04-09T14:17:50.788] [DEBUG] debug-file - hvigorfile, require result:  { default: { plugins: [] } }
[2025-04-09T14:17:50.788] [DEBUG] debug-file - hvigorfile, binding system plugins null
[2025-04-09T14:17:50.927] [DEBUG] debug-file - Start initialize project's product build option map with build mode debug.
[2025-04-09T14:17:50.927] [DEBUG] debug-file - Picking option from product 'default' with build mode 'debug'.
[2025-04-09T14:17:50.927] [DEBUG] debug-file - Product 'default' build option: {}
[2025-04-09T14:17:50.927] [DEBUG] debug-file - End initialize project's product build option map with build mode 'debug'.
[2025-04-09T14:17:50.930] [DEBUG] debug-file - Product 'default' using build option: {
  "debuggable": true
} in this build.
[2025-04-09T14:17:50.932] [DEBUG] debug-file - No signingConfig found, initRemoteHspCache failed.
[2025-04-09T14:17:50.934] [DEBUG] debug-file - Local scan or download HarmonyOS sdk components toolchains,ets,js,native,previewer
[2025-04-09T14:17:50.936] [DEBUG] debug-file - Local scan or download hmscore sdk components toolchains,ets,native
[2025-04-09T14:17:50.940] [DEBUG] debug-file - Start recording SDK configuration permission data.
[2025-04-09T14:17:50.968] [DEBUG] debug-file - Sdk init in 36 ms 
[2025-04-09T14:17:50.982] [DEBUG] debug-file - Project task initialization takes 12 ms 
[2025-04-09T14:17:50.982] [DEBUG] debug-file - hvigorfile, binding custom plugins []
[2025-04-09T14:17:50.982] [DEBUG] debug-file - hvigorfile, no custom plugins were found in D:\Desktop\HarmonyOS_self-study\Part2-Demo\hvigorfile.ts
[2025-04-09T14:17:50.982] [DEBUG] debug-file - hvigorfile, resolve finished D:\Desktop\HarmonyOS_self-study\Part2-Demo\hvigorfile.ts
[2025-04-09T14:17:50.986] [DEBUG] debug-file - hvigorfile, resolving D:\Desktop\HarmonyOS_self-study\Part2-Demo\entry\hvigorfile.ts
[2025-04-09T14:17:50.991] [DEBUG] debug-file - hvigorfile, require result:  { default: { plugins: [] } }
[2025-04-09T14:17:50.991] [DEBUG] debug-file - hvigorfile, binding system plugins null
[2025-04-09T14:17:51.001] [DEBUG] debug-file - Start initialize module-target build option map, moduleName=entry, buildMode=debug
[2025-04-09T14:17:51.001] [DEBUG] debug-file - Target 'default' config: {}
[2025-04-09T14:17:51.002] [DEBUG] debug-file - Target 'ohosTest' config: {}
[2025-04-09T14:17:51.002] [DEBUG] debug-file - Module 'entry' target 'default' build option: {
  "debuggable": true,
  "copyFrom": "default",
  "name": "debug"
}
[2025-04-09T14:17:51.002] [DEBUG] debug-file - Module 'entry' target 'ohosTest' build option: {
  "debuggable": true,
  "name": "default"
}
[2025-04-09T14:17:51.002] [DEBUG] debug-file - End initialize module-target build option map, moduleName=entry
[2025-04-09T14:17:51.002] [DEBUG] debug-file - Module 'entry' target 'default' using build option: {
  "debuggable": true,
  "copyFrom": "default",
  "name": "debug"
} in this build.
[2025-04-09T14:17:51.007] [DEBUG] debug-file - Module entry task initialization takes 4 ms 
[2025-04-09T14:17:51.008] [DEBUG] debug-file - hvigorfile, binding custom plugins []
[2025-04-09T14:17:51.008] [DEBUG] debug-file - hvigorfile, no custom plugins were found in D:\Desktop\HarmonyOS_self-study\Part2-Demo\entry\hvigorfile.ts
[2025-04-09T14:17:51.008] [DEBUG] debug-file - hvigorfile, resolve finished D:\Desktop\HarmonyOS_self-study\Part2-Demo\entry\hvigorfile.ts
[2025-04-09T14:17:51.023] [DEBUG] debug-file - hvigorfile, resolve hvigorfile dependencies in 15 ms 
[2025-04-09T14:17:51.024] [DEBUG] debug-file - project has submodules:entry
[2025-04-09T14:17:51.025] [DEBUG] debug-file - start to load updatedOhPackageInfo to the disk
[2025-04-09T14:17:51.030] [DEBUG] debug-file - load to the disk finished
[2025-04-09T14:17:51.031] [DEBUG] debug-file - Start to initialize dependency information.
[2025-04-09T14:17:51.039] [DEBUG] debug-file - Module Part2-Demo Collected Dependency: 
[2025-04-09T14:17:51.039] [DEBUG] debug-file - Module Part2-Demo's total dependency: 0
[2025-04-09T14:17:51.040] [DEBUG] debug-file - Start to initialize dependency information.
[2025-04-09T14:17:51.042] [DEBUG] debug-file - Module entry Collected Dependency: 
[2025-04-09T14:17:51.042] [DEBUG] debug-file - Module entry's total dependency: 0
[2025-04-09T14:17:51.046] [DEBUG] debug-file - Configuration phase cost:1 s 485 ms 
[2025-04-09T14:17:51.048] [DEBUG] debug-file - Configuration task cost before running: 1 s 503 ms 
[2025-04-09T14:17:51.048] [DEBUG] debug-file - Executing task :entry:init
[2025-04-09T14:17:51.048] [DEBUG] debug-file - entry : init cost memory 0.01548004150390625
[2025-04-09T14:17:51.049] [DEBUG] debug-file - runTaskFromQueue task cost before running: 1 s 503 ms 
[2025-04-09T14:17:51.049] [INFO] debug-file - Finished :entry:init... after 1 ms 
[2025-04-09T14:17:51.049] [DEBUG] debug-file - Executing task ::init
[2025-04-09T14:17:51.049] [DEBUG] debug-file - Part2-Demo : init cost memory 0.01280975341796875
[2025-04-09T14:17:51.049] [DEBUG] debug-file - runTaskFromQueue task cost before running: 1 s 504 ms 
[2025-04-09T14:17:51.049] [INFO] debug-file - Finished ::init... after 1 ms 
[2025-04-09T14:17:51.061] [DEBUG] debug-file - Module 'entry' target 'default' using build option: {
  "debuggable": true,
  "copyFrom": "default",
  "name": "debug"
} in this build.
[2025-04-09T14:17:51.063] [DEBUG] debug-file - Module 'entry' target 'ohosTest' using build option: {
  "debuggable": true,
  "name": "default"
} in this build.
[2025-04-09T14:17:51.069] [DEBUG] debug-file - Since there is no instance or instance is terminated, create a new worker pool.
[2025-04-09T14:17:51.069] [DEBUG] debug-file - Worker pool is initialized with config:  {
  minPoolNum: 2,
  maxPoolNum: undefined,
  maxCoreSize: undefined,
  cacheCapacity: undefined,
  cacheTtl: undefined
}
[2025-04-09T14:17:51.071] [DEBUG] debug-file - session manager: send message to worker process.
[2025-04-09T14:17:51.071] [DEBUG] debug-file - session manager: send message to worker process.
[2025-04-09T14:17:51.070] [DEBUG] debug-file - Create  resident worker with id: 0.
[2025-04-09T14:17:51.072] [DEBUG] debug-file - Create  resident worker with id: 1.
[2025-04-09T14:17:51.074] [DEBUG] debug-file - Cleanup worker 0.
[2025-04-09T14:17:51.074] [DEBUG] debug-file - Worker 0 has been cleaned up.
[2025-04-09T14:17:51.074] [DEBUG] debug-file - Current idle worker size: 1.
[2025-04-09T14:17:51.074] [DEBUG] debug-file - Current resident worker size: 2.
[2025-04-09T14:17:51.074] [DEBUG] debug-file - Cleanup worker 1.
[2025-04-09T14:17:51.074] [DEBUG] debug-file - Worker 1 has been cleaned up.
[2025-04-09T14:17:51.074] [DEBUG] debug-file - Current idle worker size: 0.
[2025-04-09T14:17:51.074] [DEBUG] debug-file - Current resident worker size: 2.
[2025-04-09T14:17:51.075] [DEBUG] debug-file - hvigor build process will be closed.
[2025-04-09T14:17:51.076] [DEBUG] debug-file - watch worker: worker id should be larger than 0. Nothing will be sent to any worker thread.
[2025-04-09T14:17:51.076] [DEBUG] debug-file - watch worker: worker id should be larger than 0. Nothing will be sent to any worker thread.
[2025-04-09T14:17:51.078] [DEBUG] debug-file - worker[0] exits with exit code 0.
[2025-04-09T14:17:51.079] [DEBUG] debug-file - worker[1] exits with exit code 0.
[2025-04-09T14:17:51.540] [DEBUG] debug-file - session manager: set active socket. socketId=XN9kAM-3X6nhtvFZAAAD
[2025-04-09T14:17:51.542] [DEBUG] debug-file - watch worker: worker id should be larger than 0. Nothing will be sent to any worker thread.
[2025-04-09T14:17:51.550] [DEBUG] debug-file - Hvigor init with startParameters:{
  hvigorfileTypeCheck: false,
  parallelExecution: true,
  incrementalExecution: true,
  printStackTrace: false,
  daemon: true,
  analyze: 0,
  logLevel: Level { level: 20000, levelStr: 'INFO', colour: 'green' }
}
[2025-04-09T14:17:51.550] [DEBUG] debug-file - Cache service initialization finished in 1 ms 
[2025-04-09T14:17:51.556] [DEBUG] debug-file - hvigorfile, resolving D:\Desktop\HarmonyOS_self-study\Part2-Demo\hvigorfile.ts
[2025-04-09T14:17:51.560] [DEBUG] debug-file - hvigorfile, require result:  { default: { plugins: [] } }
[2025-04-09T14:17:51.560] [DEBUG] debug-file - hvigorfile, binding system plugins null
[2025-04-09T14:17:51.564] [DEBUG] debug-file - Start initialize project's product build option map with build mode debug.
[2025-04-09T14:17:51.564] [DEBUG] debug-file - Picking option from product 'default' with build mode 'debug'.
[2025-04-09T14:17:51.564] [DEBUG] debug-file - Product 'default' build option: {}
[2025-04-09T14:17:51.564] [DEBUG] debug-file - End initialize project's product build option map with build mode 'debug'.
[2025-04-09T14:17:51.566] [DEBUG] debug-file - Product 'default' using build option: {
  "debuggable": true
} in this build.
[2025-04-09T14:17:51.567] [DEBUG] debug-file - No signingConfig found, initRemoteHspCache failed.
[2025-04-09T14:17:51.578] [DEBUG] debug-file - Start recording SDK configuration permission data.
[2025-04-09T14:17:51.599] [DEBUG] debug-file - Sdk init in 29 ms 
[2025-04-09T14:17:51.613] [DEBUG] debug-file - Project task initialization takes 13 ms 
[2025-04-09T14:17:51.613] [DEBUG] debug-file - hvigorfile, binding custom plugins []
[2025-04-09T14:17:51.613] [DEBUG] debug-file - hvigorfile, no custom plugins were found in D:\Desktop\HarmonyOS_self-study\Part2-Demo\hvigorfile.ts
[2025-04-09T14:17:51.613] [DEBUG] debug-file - hvigorfile, resolve finished D:\Desktop\HarmonyOS_self-study\Part2-Demo\hvigorfile.ts
[2025-04-09T14:17:51.617] [DEBUG] debug-file - hvigorfile, resolving D:\Desktop\HarmonyOS_self-study\Part2-Demo\entry\hvigorfile.ts
[2025-04-09T14:17:51.621] [DEBUG] debug-file - hvigorfile, require result:  { default: { plugins: [] } }
[2025-04-09T14:17:51.621] [DEBUG] debug-file - hvigorfile, binding system plugins null
[2025-04-09T14:17:51.625] [DEBUG] debug-file - Start initialize module-target build option map, moduleName=entry, buildMode=debug
[2025-04-09T14:17:51.625] [DEBUG] debug-file - Target 'default' config: {}
[2025-04-09T14:17:51.625] [DEBUG] debug-file - Target 'ohosTest' config: {}
[2025-04-09T14:17:51.625] [DEBUG] debug-file - Module 'entry' target 'default' build option: {
  "debuggable": true,
  "copyFrom": "default",
  "name": "debug"
}
[2025-04-09T14:17:51.625] [DEBUG] debug-file - Module 'entry' target 'ohosTest' build option: {
  "debuggable": true,
  "name": "default"
}
[2025-04-09T14:17:51.625] [DEBUG] debug-file - End initialize module-target build option map, moduleName=entry
[2025-04-09T14:17:51.625] [DEBUG] debug-file - Module 'entry' target 'default' using build option: {
  "debuggable": true,
  "copyFrom": "default",
  "name": "debug"
} in this build.
[2025-04-09T14:17:51.627] [DEBUG] debug-file - Module entry task initialization takes 1 ms 
[2025-04-09T14:17:51.627] [DEBUG] debug-file - hvigorfile, binding custom plugins []
[2025-04-09T14:17:51.627] [DEBUG] debug-file - hvigorfile, no custom plugins were found in D:\Desktop\HarmonyOS_self-study\Part2-Demo\entry\hvigorfile.ts
[2025-04-09T14:17:51.627] [DEBUG] debug-file - hvigorfile, resolve finished D:\Desktop\HarmonyOS_self-study\Part2-Demo\entry\hvigorfile.ts
[2025-04-09T14:17:51.640] [DEBUG] debug-file - hvigorfile, resolve hvigorfile dependencies in 12 ms 
[2025-04-09T14:17:51.641] [DEBUG] debug-file - project has submodules:entry
[2025-04-09T14:17:51.642] [DEBUG] debug-file - start to load updatedOhPackageInfo to the disk
[2025-04-09T14:17:51.647] [DEBUG] debug-file - load to the disk finished
[2025-04-09T14:17:51.647] [DEBUG] debug-file - Start to initialize dependency information.
[2025-04-09T14:17:51.650] [DEBUG] debug-file - Module Part2-Demo Collected Dependency: 
[2025-04-09T14:17:51.650] [DEBUG] debug-file - Module Part2-Demo's total dependency: 0
[2025-04-09T14:17:51.650] [DEBUG] debug-file - Start to initialize dependency information.
[2025-04-09T14:17:51.651] [DEBUG] debug-file - Module entry Collected Dependency: 
[2025-04-09T14:17:51.651] [DEBUG] debug-file - Module entry's total dependency: 0
[2025-04-09T14:17:51.653] [DEBUG] debug-file - Configuration phase cost:100 ms 
[2025-04-09T14:17:51.654] [DEBUG] debug-file - Configuration task cost before running: 111 ms 
[2025-04-09T14:17:51.656] [DEBUG] debug-file - jsonObjWithoutParam {} at undefined
[2025-04-09T14:17:51.656] [DEBUG] debug-file - jsonObjWithoutParam {"name":"entry","version":"1.0.0","description":"Please describe the basic information.","main":"","author":"","license":"","dependencies":{}} at undefined
[2025-04-09T14:17:51.659] [DEBUG] debug-file - Executing task :entry:default@PreBuild
[2025-04-09T14:17:51.663] [DEBUG] debug-file - jsonObjWithoutParam {} at undefined
[2025-04-09T14:17:51.663] [DEBUG] debug-file - jsonObjWithoutParam {"name":"entry","version":"1.0.0","description":"Please describe the basic information.","main":"","author":"","license":"","dependencies":{}} at undefined
[2025-04-09T14:17:51.771] [DEBUG] debug-file - current product is not Atomic service.
[2025-04-09T14:17:51.771] [DEBUG] debug-file - Use tool [win32: JAVA_HOME, CLASSPATH]
 [
  { JAVA_HOME: 'D:\\software\\DevEco Studio\\jbr' },
  {
    CLASSPATH: 'D:\\software\\Jmeter5.6.3\\apache-jmeter-5.6.3\\lib\\ext\\ApacheJMeter_core.jar;D:\\software\\Jmeter5.6.3\\apache-jmeter-5.6.3\\lib\\jorphan.jar;D:\\software\\Jmeter5.6.3\\apache-jmeter-5.6.3\\lib/logkit-2.0.jar;'
  }
]
[2025-04-09T14:17:51.771] [DEBUG] debug-file - Use tool [win32: NODE_HOME]
 [ { NODE_HOME: 'D:\\software\\DevEco Studio\\tools\\node' } ]
[2025-04-09T14:17:51.772] [DEBUG] debug-file - entry : default@PreBuild cost memory -3.2292404174804688
[2025-04-09T14:17:51.772] [DEBUG] debug-file - runTaskFromQueue task cost before running: 228 ms 
[2025-04-09T14:17:51.773] [INFO] debug-file - Finished :entry:default@PreBuild... after 113 ms 
[2025-04-09T14:17:51.775] [DEBUG] debug-file - jsonObjWithoutParam {} at undefined
[2025-04-09T14:17:51.775] [DEBUG] debug-file - jsonObjWithoutParam {"name":"entry","version":"1.0.0","description":"Please describe the basic information.","main":"","author":"","license":"","dependencies":{}} at undefined
[2025-04-09T14:17:51.775] [DEBUG] debug-file - Executing task :entry:default@MergeProfile
[2025-04-09T14:17:51.776] [DEBUG] debug-file - jsonObjWithoutParam {} at undefined
[2025-04-09T14:17:51.776] [DEBUG] debug-file - jsonObjWithoutParam {"name":"entry","version":"1.0.0","description":"Please describe the basic information.","main":"","author":"","license":"","dependencies":{}} at undefined
[2025-04-09T14:17:51.777] [DEBUG] debug-file - Change app api release type with 'Release'
[2025-04-09T14:17:51.777] [DEBUG] debug-file - Change app compile API version with '5.0.4.150'
[2025-04-09T14:17:51.777] [DEBUG] debug-file - Change app target API version with '50004016'
[2025-04-09T14:17:51.777] [DEBUG] debug-file - Change app minimum API version with '40100011'
[2025-04-09T14:17:51.777] [DEBUG] debug-file - Use cli appEnvironment
[2025-04-09T14:17:51.779] [DEBUG] debug-file - Clean the ArkTS cache due to SDK version is changed.
[2025-04-09T14:17:51.783] [DEBUG] debug-file - entry : default@MergeProfile cost memory 0.2734222412109375
[2025-04-09T14:17:51.783] [DEBUG] debug-file - runTaskFromQueue task cost before running: 239 ms 
[2025-04-09T14:17:51.783] [INFO] debug-file - Finished :entry:default@MergeProfile... after 8 ms 
[2025-04-09T14:17:51.784] [DEBUG] debug-file - jsonObjWithoutParam {} at undefined
[2025-04-09T14:17:51.784] [DEBUG] debug-file - jsonObjWithoutParam {"name":"entry","version":"1.0.0","description":"Please describe the basic information.","main":"","author":"","license":"","dependencies":{}} at undefined
[2025-04-09T14:17:51.785] [DEBUG] debug-file - Executing task :entry:default@CreateBuildProfile
[2025-04-09T14:17:51.786] [DEBUG] debug-file - Task 'entry:default@CreateBuildProfile' cost while wrapping incremental declarations: 1 ms 
[2025-04-09T14:17:51.786] [DEBUG] debug-file - jsonObjWithoutParam {} at undefined
[2025-04-09T14:17:51.786] [DEBUG] debug-file - jsonObjWithoutParam {"name":"entry","version":"1.0.0","description":"Please describe the basic information.","main":"","author":"","license":"","dependencies":{}} at undefined
[2025-04-09T14:17:51.787] [DEBUG] debug-file - entry : default@CreateBuildProfile cost memory 0.106109619140625
[2025-04-09T14:17:51.787] [DEBUG] debug-file - runTaskFromQueue task cost before running: 244 ms 
[2025-04-09T14:17:51.787] [INFO] debug-file - Finished :entry:default@CreateBuildProfile... after 3 ms 
[2025-04-09T14:17:51.789] [DEBUG] debug-file - jsonObjWithoutParam {} at undefined
[2025-04-09T14:17:51.789] [DEBUG] debug-file - jsonObjWithoutParam {"name":"entry","version":"1.0.0","description":"Please describe the basic information.","main":"","author":"","license":"","dependencies":{}} at undefined
[2025-04-09T14:17:51.789] [DEBUG] debug-file - Executing task :entry:default@PreCheckSyscap
[2025-04-09T14:17:51.789] [DEBUG] debug-file - jsonObjWithoutParam {} at undefined
[2025-04-09T14:17:51.789] [DEBUG] debug-file - jsonObjWithoutParam {"name":"entry","version":"1.0.0","description":"Please describe the basic information.","main":"","author":"","license":"","dependencies":{}} at undefined
[2025-04-09T14:17:51.790] [DEBUG] debug-file - entry : default@PreCheckSyscap cost memory 0.03754425048828125
[2025-04-09T14:17:51.790] [DEBUG] debug-file - runTaskFromQueue task cost before running: 246 ms 
[2025-04-09T14:17:51.790] [INFO] debug-file - Finished :entry:default@PreCheckSyscap... after 1 ms 
[2025-04-09T14:17:51.792] [DEBUG] debug-file - jsonObjWithoutParam {} at undefined
[2025-04-09T14:17:51.792] [DEBUG] debug-file - jsonObjWithoutParam {"name":"entry","version":"1.0.0","description":"Please describe the basic information.","main":"","author":"","license":"","dependencies":{}} at undefined
[2025-04-09T14:17:51.799] [DEBUG] debug-file - Executing task :entry:default@GeneratePkgContextInfo
[2025-04-09T14:17:51.800] [DEBUG] debug-file - Task 'entry:default@GeneratePkgContextInfo' cost while wrapping incremental declarations: 1 ms 
[2025-04-09T14:17:51.800] [DEBUG] debug-file - entry : default@GeneratePkgContextInfo cost memory 0.039306640625
[2025-04-09T14:17:51.800] [DEBUG] debug-file - runTaskFromQueue task cost before running: 257 ms 
[2025-04-09T14:17:51.800] [INFO] debug-file - Finished :entry:default@GeneratePkgContextInfo... after 1 ms 
[2025-04-09T14:17:51.801] [DEBUG] debug-file - jsonObjWithoutParam {} at undefined
[2025-04-09T14:17:51.802] [DEBUG] debug-file - jsonObjWithoutParam {"name":"entry","version":"1.0.0","description":"Please describe the basic information.","main":"","author":"","license":"","dependencies":{}} at undefined
[2025-04-09T14:17:51.803] [DEBUG] debug-file - Executing task :entry:default@ProcessProfile
[2025-04-09T14:17:51.804] [DEBUG] debug-file - jsonObjWithoutParam {} at undefined
[2025-04-09T14:17:51.804] [DEBUG] debug-file - jsonObjWithoutParam {"name":"entry","version":"1.0.0","description":"Please describe the basic information.","main":"","author":"","license":"","dependencies":{}} at undefined
[2025-04-09T14:17:51.805] [DEBUG] debug-file - [
  'D:\\software\\DevEco Studio\\tools\\node\\node.exe',
  'D:\\software\\DevEco Studio\\sdk\\default\\openharmony\\ets\\build-tools\\ets-loader\\bin\\ark\\ts2abc.js',
  '--target-api-version',
  '11'
]
[2025-04-09T14:17:51.931] [DEBUG] debug-file - 11.0.2.0
[2025-04-09T14:17:51.933] [DEBUG] debug-file - entry : default@ProcessProfile cost memory 1.9332046508789062
[2025-04-09T14:17:51.933] [DEBUG] debug-file - runTaskFromQueue task cost before running: 390 ms 
[2025-04-09T14:17:51.933] [INFO] debug-file - Finished :entry:default@ProcessProfile... after 131 ms 
[2025-04-09T14:17:51.935] [DEBUG] debug-file - jsonObjWithoutParam {} at undefined
[2025-04-09T14:17:51.935] [DEBUG] debug-file - jsonObjWithoutParam {"name":"entry","version":"1.0.0","description":"Please describe the basic information.","main":"","author":"","license":"","dependencies":{}} at undefined
[2025-04-09T14:17:51.936] [DEBUG] debug-file - Executing task :entry:default@ProcessRouterMap
[2025-04-09T14:17:51.937] [DEBUG] debug-file - jsonObjWithoutParam {} at undefined
[2025-04-09T14:17:51.937] [DEBUG] debug-file - jsonObjWithoutParam {"name":"entry","version":"1.0.0","description":"Please describe the basic information.","main":"","author":"","license":"","dependencies":{}} at undefined
[2025-04-09T14:17:51.939] [DEBUG] debug-file - entry : default@ProcessRouterMap cost memory 0.11745452880859375
[2025-04-09T14:17:51.939] [DEBUG] debug-file - runTaskFromQueue task cost before running: 395 ms 
[2025-04-09T14:17:51.939] [INFO] debug-file - Finished :entry:default@ProcessRouterMap... after 3 ms 
[2025-04-09T14:17:51.941] [DEBUG] debug-file - jsonObjWithoutParam {} at undefined
[2025-04-09T14:17:51.941] [DEBUG] debug-file - jsonObjWithoutParam {"name":"entry","version":"1.0.0","description":"Please describe the basic information.","main":"","author":"","license":"","dependencies":{}} at undefined
[2025-04-09T14:17:51.941] [DEBUG] debug-file - restool module names: entry; moduleName=entry, taskName=default@PreviewProcessResource
[2025-04-09T14:17:51.943] [DEBUG] debug-file - Executing task :entry:default@PreviewProcessResource
[2025-04-09T14:17:51.943] [DEBUG] debug-file - jsonObjWithoutParam {} at undefined
[2025-04-09T14:17:51.944] [DEBUG] debug-file - jsonObjWithoutParam {"name":"entry","version":"1.0.0","description":"Please describe the basic information.","main":"","author":"","license":"","dependencies":{}} at undefined
[2025-04-09T14:17:51.944] [DEBUG] debug-file - entry : default@PreviewProcessResource cost memory 0.0763092041015625
[2025-04-09T14:17:51.944] [DEBUG] debug-file - runTaskFromQueue task cost before running: 401 ms 
[2025-04-09T14:17:51.945] [INFO] debug-file - Finished :entry:default@PreviewProcessResource... after 2 ms 
[2025-04-09T14:17:51.946] [DEBUG] debug-file - jsonObjWithoutParam {} at undefined
[2025-04-09T14:17:51.946] [DEBUG] debug-file - jsonObjWithoutParam {"name":"entry","version":"1.0.0","description":"Please describe the basic information.","main":"","author":"","license":"","dependencies":{}} at undefined
[2025-04-09T14:17:51.948] [DEBUG] debug-file - Executing task :entry:default@GenerateLoaderJson
[2025-04-09T14:17:51.958] [DEBUG] debug-file - entry : default@GenerateLoaderJson cost memory 0.7396469116210938
[2025-04-09T14:17:51.958] [DEBUG] debug-file - runTaskFromQueue task cost before running: 415 ms 
[2025-04-09T14:17:51.960] [INFO] debug-file - Finished :entry:default@GenerateLoaderJson... after 10 ms 
[2025-04-09T14:17:51.962] [DEBUG] debug-file - jsonObjWithoutParam {} at undefined
[2025-04-09T14:17:51.962] [DEBUG] debug-file - jsonObjWithoutParam {"name":"entry","version":"1.0.0","description":"Please describe the basic information.","main":"","author":"","license":"","dependencies":{}} at undefined
[2025-04-09T14:17:51.962] [DEBUG] debug-file - restool module names: entry; moduleName=entry, taskName=default@PreviewCompileResource
[2025-04-09T14:17:51.963] [DEBUG] debug-file - Executing task :entry:default@PreviewCompileResource
[2025-04-09T14:17:51.977] [DEBUG] debug-file - Use tool [D:\software\DevEco Studio\sdk\default\openharmony\toolchains\restool.exe]
 [
  'D:\\software\\DevEco Studio\\sdk\\default\\openharmony\\toolchains\\restool.exe',
  '-x',
  'D:\\Desktop\\HarmonyOS_self-study\\Part2-Demo\\AppScope\\resources',
  '-o',
  'D:\\Desktop\\HarmonyOS_self-study\\Part2-Demo\\entry\\.preview\\default\\intermediates\\res\\default\\app_compiled'
]
[2025-04-09T14:17:51.978] [DEBUG] debug-file - current process  memoryUsage: {
  rss: 210980864,
  heapTotal: 158986240,
  heapUsed: 134101144,
  external: 3288748,
  arrayBuffers: 278005
} os memoryUsage :10.1063232421875
[2025-04-09T14:17:52.007] [DEBUG] debug-file - Info: restool resources compile success.

[2025-04-09T14:17:52.026] [DEBUG] debug-file - Use tool [D:\software\DevEco Studio\sdk\default\openharmony\toolchains\restool.exe]
 [
  'D:\\software\\DevEco Studio\\sdk\\default\\openharmony\\toolchains\\restool.exe',
  '-x',
  'D:\\Desktop\\HarmonyOS_self-study\\Part2-Demo\\entry\\src\\main\\resources',
  '-o',
  'D:\\Desktop\\HarmonyOS_self-study\\Part2-Demo\\entry\\.preview\\default\\intermediates\\res\\default\\module_compiled'
]
[2025-04-09T14:17:52.027] [DEBUG] debug-file - current process  memoryUsage: {
  rss: 211087360,
  heapTotal: 158986240,
  heapUsed: 134365424,
  external: 3288874,
  arrayBuffers: 278146
} os memoryUsage :10.114204406738281
[2025-04-09T14:17:52.058] [DEBUG] debug-file - Info: restool resources compile success.

[2025-04-09T14:17:52.063] [DEBUG] debug-file - Use tool [D:\software\DevEco Studio\sdk\default\openharmony\toolchains\restool.exe]
 [
  'D:\\software\\DevEco Studio\\sdk\\default\\openharmony\\toolchains\\restool.exe',
  '-m',
  'entry',
  '-f',
  '-j',
  'D:\\Desktop\\HarmonyOS_self-study\\Part2-Demo\\entry\\.preview\\default\\intermediates\\process_profile\\default\\module.json',
  '-p',
  'c***o',
  '-r',
  'D:\\Desktop\\HarmonyOS_self-study\\Part2-Demo\\entry\\.preview\\default\\generated\\r\\default\\ResourceTable.h',
  '-z',
  '--ids',
  'D:\\Desktop\\HarmonyOS_self-study\\Part2-Demo\\entry\\.preview\\default\\intermediates\\res\\default\\ids_map',
  '--defined-ids',
  'D:\\Desktop\\HarmonyOS_self-study\\Part2-Demo\\entry\\.preview\\default\\intermediates\\res\\default\\ids_map\\id_defined.json',
  '-i',
  'D:\\Desktop\\HarmonyOS_self-study\\Part2-Demo\\entry\\.preview\\default\\intermediates\\res\\default\\app_compiled',
  '-i',
  'D:\\Desktop\\HarmonyOS_self-study\\Part2-Demo\\entry\\.preview\\default\\intermediates\\res\\default\\module_compiled',
  '-o',
  'D:\\Desktop\\HarmonyOS_self-study\\Part2-Demo\\entry\\.preview\\default\\intermediates\\res\\default'
]
[2025-04-09T14:17:52.064] [DEBUG] debug-file - current process  memoryUsage: {
  rss: 211116032,
  heapTotal: 159248384,
  heapUsed: 134681672,
  external: 3289000,
  arrayBuffers: 279216
} os memoryUsage :10.115478515625
[2025-04-09T14:17:52.121] [DEBUG] debug-file - Info: restool resources compile success.

[2025-04-09T14:17:52.126] [DEBUG] debug-file - entry : default@PreviewCompileResource cost memory 1.4071121215820312
[2025-04-09T14:17:52.126] [DEBUG] debug-file - runTaskFromQueue task cost before running: 583 ms 
[2025-04-09T14:17:52.127] [INFO] debug-file - Finished :entry:default@PreviewCompileResource... after 163 ms 
[2025-04-09T14:17:52.128] [DEBUG] debug-file - jsonObjWithoutParam {} at undefined
[2025-04-09T14:17:52.128] [DEBUG] debug-file - jsonObjWithoutParam {"name":"entry","version":"1.0.0","description":"Please describe the basic information.","main":"","author":"","license":"","dependencies":{}} at undefined
[2025-04-09T14:17:52.128] [DEBUG] debug-file - Executing task :entry:default@PreviewHookCompileResource
[2025-04-09T14:17:52.128] [DEBUG] debug-file - jsonObjWithoutParam {} at undefined
[2025-04-09T14:17:52.128] [DEBUG] debug-file - jsonObjWithoutParam {"name":"entry","version":"1.0.0","description":"Please describe the basic information.","main":"","author":"","license":"","dependencies":{}} at undefined
[2025-04-09T14:17:52.128] [DEBUG] debug-file - entry : default@PreviewHookCompileResource cost memory 0.03902435302734375
[2025-04-09T14:17:52.129] [DEBUG] debug-file - runTaskFromQueue task cost before running: 585 ms 
[2025-04-09T14:17:52.129] [INFO] debug-file - Finished :entry:default@PreviewHookCompileResource... after 1 ms 
[2025-04-09T14:17:52.130] [DEBUG] debug-file - jsonObjWithoutParam {} at undefined
[2025-04-09T14:17:52.130] [DEBUG] debug-file - jsonObjWithoutParam {"name":"entry","version":"1.0.0","description":"Please describe the basic information.","main":"","author":"","license":"","dependencies":{}} at undefined
[2025-04-09T14:17:52.130] [DEBUG] debug-file - Executing task :entry:default@CopyPreviewProfile
[2025-04-09T14:17:52.130] [DEBUG] debug-file - jsonObjWithoutParam {} at undefined
[2025-04-09T14:17:52.131] [DEBUG] debug-file - jsonObjWithoutParam {"name":"entry","version":"1.0.0","description":"Please describe the basic information.","main":"","author":"","license":"","dependencies":{}} at undefined
[2025-04-09T14:17:52.134] [DEBUG] debug-file - entry : default@CopyPreviewProfile cost memory 0.15000152587890625
[2025-04-09T14:17:52.134] [DEBUG] debug-file - runTaskFromQueue task cost before running: 591 ms 
[2025-04-09T14:17:52.134] [INFO] debug-file - Finished :entry:default@CopyPreviewProfile... after 5 ms 
[2025-04-09T14:17:52.136] [DEBUG] debug-file - jsonObjWithoutParam {} at undefined
[2025-04-09T14:17:52.136] [DEBUG] debug-file - jsonObjWithoutParam {"name":"entry","version":"1.0.0","description":"Please describe the basic information.","main":"","author":"","license":"","dependencies":{}} at undefined
[2025-04-09T14:17:52.136] [DEBUG] debug-file - Executing task :entry:default@ReplacePreviewerPage
[2025-04-09T14:17:52.136] [DEBUG] debug-file - jsonObjWithoutParam {} at undefined
[2025-04-09T14:17:52.136] [DEBUG] debug-file - jsonObjWithoutParam {"name":"entry","version":"1.0.0","description":"Please describe the basic information.","main":"","author":"","license":"","dependencies":{}} at undefined
[2025-04-09T14:17:52.136] [DEBUG] debug-file - entry : default@ReplacePreviewerPage cost memory 0.03900909423828125
[2025-04-09T14:17:52.136] [DEBUG] debug-file - runTaskFromQueue task cost before running: 593 ms 
[2025-04-09T14:17:52.137] [INFO] debug-file - Finished :entry:default@ReplacePreviewerPage... after 1 ms 
[2025-04-09T14:17:52.137] [DEBUG] debug-file - Executing task :entry:buildPreviewerResource
[2025-04-09T14:17:52.138] [DEBUG] debug-file - entry : buildPreviewerResource cost memory 0.01218414306640625
[2025-04-09T14:17:52.138] [DEBUG] debug-file - runTaskFromQueue task cost before running: 594 ms 
[2025-04-09T14:17:52.138] [INFO] debug-file - Finished :entry:buildPreviewerResource... after 1 ms 
[2025-04-09T14:17:52.139] [DEBUG] debug-file - jsonObjWithoutParam {} at undefined
[2025-04-09T14:17:52.139] [DEBUG] debug-file - jsonObjWithoutParam {"name":"entry","version":"1.0.0","description":"Please describe the basic information.","main":"","author":"","license":"","dependencies":{}} at undefined
[2025-04-09T14:17:52.139] [DEBUG] debug-file - Executing task :entry:default@PreviewUpdateAssets
[2025-04-09T14:17:52.140] [DEBUG] debug-file - jsonObjWithoutParam {} at undefined
[2025-04-09T14:17:52.140] [DEBUG] debug-file - jsonObjWithoutParam {"name":"entry","version":"1.0.0","description":"Please describe the basic information.","main":"","author":"","license":"","dependencies":{}} at undefined
[2025-04-09T14:17:52.141] [DEBUG] debug-file - entry : default@PreviewUpdateAssets cost memory 0.090118408203125
[2025-04-09T14:17:52.141] [DEBUG] debug-file - runTaskFromQueue task cost before running: 597 ms 
[2025-04-09T14:17:52.141] [INFO] debug-file - Finished :entry:default@PreviewUpdateAssets... after 2 ms 
[2025-04-09T14:17:52.142] [DEBUG] debug-file - jsonObjWithoutParam {} at undefined
[2025-04-09T14:17:52.143] [DEBUG] debug-file - jsonObjWithoutParam {"name":"entry","version":"1.0.0","description":"Please describe the basic information.","main":"","author":"","license":"","dependencies":{}} at undefined
[2025-04-09T14:17:52.145] [DEBUG] debug-file - Executing task :entry:default@PreviewArkTS
[2025-04-09T14:17:52.159] [DEBUG] debug-file - session manager: binding session. socketId=XN9kAM-3X6nhtvFZAAAD, threadId=1@1.
[2025-04-09T14:17:52.160] [DEBUG] debug-file - entry : default@PreviewArkTS cost memory 1.9466094970703125
[2025-04-09T14:17:53.964] [DEBUG] debug-file - watch worker: send response to session manager. Response type: WatchStart
[2025-04-09T14:17:53.966] [DEBUG] debug-file - session manager: watch message received from worker 1. Type: WatchStart
